  Source.cpp
C:\Users\808kb\Desktop\github\Simple-Multithreaded-Raytracer\Raytracer\Vector3.h(16,69): warning C4244: 'argument': conversion from 'double' to 'float', possible loss of data
C:\Users\808kb\Desktop\github\Simple-Multithreaded-Raytracer\Raytracer\Vector3.h(16,62): warning C4244: 'argument': conversion from 'double' to 'float', possible loss of data
C:\Users\808kb\Desktop\github\Simple-Multithreaded-Raytracer\Raytracer\Vector3.h(16,55): warning C4244: 'argument': conversion from 'double' to 'float', possible loss of data
C:\Users\808kb\Desktop\github\Simple-Multithreaded-Raytracer\Raytracer\Vector3.h(17,69): warning C4244: 'argument': conversion from 'double' to 'float', possible loss of data
C:\Users\808kb\Desktop\github\Simple-Multithreaded-Raytracer\Raytracer\Vector3.h(17,62): warning C4244: 'argument': conversion from 'double' to 'float', possible loss of data
C:\Users\808kb\Desktop\github\Simple-Multithreaded-Raytracer\Raytracer\Vector3.h(17,55): warning C4244: 'argument': conversion from 'double' to 'float', possible loss of data
C:\Users\808kb\Desktop\github\Simple-Multithreaded-Raytracer\Raytracer\Vector3.h(46,43): warning C4244: 'argument': conversion from 'double' to 'float', possible loss of data
C:\Users\808kb\Desktop\github\Simple-Multithreaded-Raytracer\Raytracer\Vector3.h(52,65): warning C4244: 'argument': conversion from 'double' to 'float', possible loss of data
C:\Users\808kb\Desktop\github\Simple-Multithreaded-Raytracer\Raytracer\Vector3.h(52,49): warning C4244: 'argument': conversion from 'double' to 'float', possible loss of data
C:\Users\808kb\Desktop\github\Simple-Multithreaded-Raytracer\Raytracer\Vector3.h(52,33): warning C4244: 'argument': conversion from 'double' to 'float', possible loss of data
C:\Users\808kb\Desktop\github\Simple-Multithreaded-Raytracer\Raytracer\rgb.h(18,62): warning C4244: 'argument': conversion from 'double' to 'float', possible loss of data
C:\Users\808kb\Desktop\github\Simple-Multithreaded-Raytracer\Raytracer\rgb.h(18,55): warning C4244: 'argument': conversion from 'double' to 'float', possible loss of data
C:\Users\808kb\Desktop\github\Simple-Multithreaded-Raytracer\Raytracer\rgb.h(18,48): warning C4244: 'argument': conversion from 'double' to 'float', possible loss of data
C:\Users\808kb\Desktop\github\Simple-Multithreaded-Raytracer\Raytracer\rgb.h(19,62): warning C4244: 'argument': conversion from 'double' to 'float', possible loss of data
C:\Users\808kb\Desktop\github\Simple-Multithreaded-Raytracer\Raytracer\rgb.h(19,55): warning C4244: 'argument': conversion from 'double' to 'float', possible loss of data
C:\Users\808kb\Desktop\github\Simple-Multithreaded-Raytracer\Raytracer\rgb.h(19,48): warning C4244: 'argument': conversion from 'double' to 'float', possible loss of data
C:\Users\808kb\Desktop\github\Simple-Multithreaded-Raytracer\Raytracer\Sphere.h(34,23): warning C4244: 'argument': conversion from 'double' to 'float', possible loss of data
C:\Users\808kb\Desktop\github\Simple-Multithreaded-Raytracer\Raytracer\Camera.h(14,85): warning C4244: 'initializing': conversion from 'double' to 'float', possible loss of data
C:\Users\808kb\Desktop\github\Simple-Multithreaded-Raytracer\Raytracer\Camera.h(20,21): warning C4244: 'argument': conversion from 'double' to 'float', possible loss of data
C:\Users\808kb\Desktop\github\Simple-Multithreaded-Raytracer\Raytracer\Camera.h(20,18): warning C4244: 'argument': conversion from 'double' to 'float', possible loss of data
C:\Users\808kb\Desktop\github\Simple-Multithreaded-Raytracer\Raytracer\Source.cpp(45,62): warning C4244: 'argument': conversion from 'float' to 'unsigned char', possible loss of data
C:\Users\808kb\Desktop\github\Simple-Multithreaded-Raytracer\Raytracer\Source.cpp(45,53): warning C4244: 'argument': conversion from 'float' to 'unsigned char', possible loss of data
C:\Users\808kb\Desktop\github\Simple-Multithreaded-Raytracer\Raytracer\Source.cpp(45,44): warning C4244: 'argument': conversion from 'float' to 'unsigned char', possible loss of data
C:\Users\808kb\Desktop\github\Simple-Multithreaded-Raytracer\Raytracer\Source.cpp(69,57): warning C4305: 'argument': truncation from 'double' to 'float'
C:\Users\808kb\Desktop\github\Simple-Multithreaded-Raytracer\Raytracer\Source.cpp(81,51): warning C4244: 'argument': conversion from 'double' to 'float', possible loss of data
C:\Users\808kb\Desktop\github\Simple-Multithreaded-Raytracer\Raytracer\Source.cpp(81,47): warning C4244: 'argument': conversion from 'double' to 'float', possible loss of data
C:\Users\808kb\Desktop\github\Simple-Multithreaded-Raytracer\Raytracer\Source.cpp(99,22): warning C4018: '<': signed/unsigned mismatch
C:\Users\808kb\Desktop\github\Simple-Multithreaded-Raytracer\Raytracer\Source.cpp(132,54): warning C4244: 'argument': conversion from 'double' to 'float', possible loss of data
C:\Users\808kb\Desktop\github\Simple-Multithreaded-Raytracer\Raytracer\Source.cpp(132,50): warning C4244: 'argument': conversion from 'double' to 'float', possible loss of data
C:\Users\808kb\Desktop\github\Simple-Multithreaded-Raytracer\Raytracer\Source.cpp(165,107): warning C4305: 'argument': truncation from 'double' to 'float'
C:\Users\808kb\Desktop\github\Simple-Multithreaded-Raytracer\Raytracer\Source.cpp(167,102): warning C4305: 'argument': truncation from 'double' to 'float'
C:\Users\808kb\Desktop\github\Simple-Multithreaded-Raytracer\Raytracer\Source.cpp(168,104): warning C4305: 'argument': truncation from 'double' to 'float'
C:\Users\808kb\Desktop\github\Simple-Multithreaded-Raytracer\Raytracer\Source.cpp(172,110): warning C4305: 'argument': truncation from 'double' to 'float'
C:\Users\808kb\Desktop\github\Simple-Multithreaded-Raytracer\Raytracer\Source.cpp(207,65): warning C4244: '=': conversion from 'double' to 'float', possible loss of data
C:\Users\808kb\Desktop\github\Simple-Multithreaded-Raytracer\Raytracer\Source.cpp(209,23): warning C4018: '<': signed/unsigned mismatch
C:\Users\808kb\Desktop\github\Simple-Multithreaded-Raytracer\Raytracer\Source.cpp(218,22): warning C4018: '<': signed/unsigned mismatch
C:\Users\808kb\Desktop\github\Simple-Multithreaded-Raytracer\Raytracer\Source.cpp(233,20): warning C4018: '<': signed/unsigned mismatch
C:\Users\808kb\Desktop\github\Simple-Multithreaded-Raytracer\Raytracer\Source.cpp(243,22): warning C4018: '<': signed/unsigned mismatch
C:\Users\808kb\Desktop\github\Simple-Multithreaded-Raytracer\Raytracer\Source.cpp(244,23): warning C4018: '<': signed/unsigned mismatch
C:\Users\808kb\Desktop\github\Simple-Multithreaded-Raytracer\Raytracer\Source.cpp(247,212): warning C4244: 'argument': conversion from 'float' to 'unsigned char', possible loss of data
C:\Users\808kb\Desktop\github\Simple-Multithreaded-Raytracer\Raytracer\Source.cpp(247,170): warning C4244: 'argument': conversion from 'float' to 'unsigned char', possible loss of data
C:\Users\808kb\Desktop\github\Simple-Multithreaded-Raytracer\Raytracer\Source.cpp(247,128): warning C4244: 'argument': conversion from 'float' to 'unsigned char', possible loss of data
  Raytracer.vcxproj -> C:\Users\808kb\source\repos\Simple-Multithreaded-Raytracer\Debug\Raytracer.exe
